<?xml version="1.0" encoding="UTF-8"?>
<testsuite name="com.example.demo.RecruitServiceApplicationTests" tests="1" skipped="0" failures="0" errors="0" timestamp="2024-08-06T02:09:46" hostname="DESKTOP-UTFC97F" time="0.58">
  <properties/>
  <testcase name="contextLoads()" classname="com.example.demo.RecruitServiceApplicationTests" time="0.58"/>
  <system-out><![CDATA[11:09:40.654 [Test worker] INFO org.springframework.test.context.support.AnnotationConfigContextLoaderUtils -- Could not detect default configuration classes for test class [com.example.demo.RecruitServiceApplicationTests]: RecruitServiceApplicationTests does not declare any static, non-private, non-final, nested classes annotated with @Configuration.
11:09:40.777 [Test worker] INFO org.springframework.boot.test.context.SpringBootTestContextBootstrapper -- Found @SpringBootConfiguration com.example.demo.RecruitServiceApplication for test class com.example.demo.RecruitServiceApplicationTests

  .   ____          _            __ _ _
 /\\ / ___'_ __ _ _(_)_ __  __ _ \ \ \ \
( ( )\___ | '_ | '_| | '_ \/ _` | \ \ \ \
 \\/  ___)| |_)| | | | | || (_| |  ) ) ) )
  '  |____| .__|_| |_|_| |_\__, | / / / /
 =========|_|==============|___/=/_/_/_/

 :: Spring Boot ::                (v3.3.2)

2024-08-06T11:09:41.312+09:00  INFO 13828 --- [recruit-service] [    Test worker] c.e.demo.RecruitServiceApplicationTests  : Starting RecruitServiceApplicationTests using Java 17.0.12 with PID 13828 (started by woo in C:\workspace-boot\recruit-service)
2024-08-06T11:09:41.314+09:00  INFO 13828 --- [recruit-service] [    Test worker] c.e.demo.RecruitServiceApplicationTests  : No active profile set, falling back to 1 default profile: "default"
2024-08-06T11:09:42.057+09:00  INFO 13828 --- [recruit-service] [    Test worker] .s.d.r.c.RepositoryConfigurationDelegate : Bootstrapping Spring Data JPA repositories in DEFAULT mode.
2024-08-06T11:09:42.150+09:00  INFO 13828 --- [recruit-service] [    Test worker] .s.d.r.c.RepositoryConfigurationDelegate : Finished Spring Data repository scanning in 80 ms. Found 1 JPA repository interface.
2024-08-06T11:09:42.928+09:00  INFO 13828 --- [recruit-service] [    Test worker] com.zaxxer.hikari.HikariDataSource       : HikariPool-1 - Starting...
2024-08-06T11:09:43.229+09:00  INFO 13828 --- [recruit-service] [    Test worker] com.zaxxer.hikari.pool.HikariPool        : HikariPool-1 - Added connection oracle.jdbc.driver.T4CConnection@43a4a9e5
2024-08-06T11:09:43.232+09:00  INFO 13828 --- [recruit-service] [    Test worker] com.zaxxer.hikari.HikariDataSource       : HikariPool-1 - Start completed.
2024-08-06T11:09:43.291+09:00  INFO 13828 --- [recruit-service] [    Test worker] o.hibernate.jpa.internal.util.LogHelper  : HHH000204: Processing PersistenceUnitInfo [name: default]
2024-08-06T11:09:43.380+09:00  INFO 13828 --- [recruit-service] [    Test worker] org.hibernate.Version                    : HHH000412: Hibernate ORM core version 6.5.2.Final
2024-08-06T11:09:43.436+09:00  INFO 13828 --- [recruit-service] [    Test worker] o.h.c.internal.RegionFactoryInitiator    : HHH000026: Second-level cache disabled
2024-08-06T11:09:43.850+09:00  INFO 13828 --- [recruit-service] [    Test worker] o.s.o.j.p.SpringPersistenceUnitInfo      : No LoadTimeWeaver setup: ignoring JPA class transformer
2024-08-06T11:09:43.998+09:00  WARN 13828 --- [recruit-service] [    Test worker] org.hibernate.dialect.Dialect            : HHH000511: The 11.2.0 version for [org.hibernate.dialect.OracleDialect] is no longer supported, hence certain features may not work properly. The minimum supported version is 19.0.0. Check the community dialects project for available legacy versions.
2024-08-06T11:09:45.022+09:00  INFO 13828 --- [recruit-service] [    Test worker] o.h.e.t.j.p.i.JtaPlatformInitiator       : HHH000489: No JTA platform available (set 'hibernate.transaction.jta.platform' to enable JTA platform integration)
2024-08-06T11:09:45.027+09:00  INFO 13828 --- [recruit-service] [    Test worker] j.LocalContainerEntityManagerFactoryBean : Initialized JPA EntityManagerFactory for persistence unit 'default'
2024-08-06T11:09:45.513+09:00  WARN 13828 --- [recruit-service] [    Test worker] JpaBaseConfiguration$JpaWebConfiguration : spring.jpa.open-in-view is enabled by default. Therefore, database queries may be performed during view rendering. Explicitly configure spring.jpa.open-in-view to disable this warning
2024-08-06T11:09:45.550+09:00  INFO 13828 --- [recruit-service] [    Test worker] o.s.b.a.w.s.WelcomePageHandlerMapping    : Adding welcome page: class path resource [static/index.html]
2024-08-06T11:09:46.084+09:00  INFO 13828 --- [recruit-service] [    Test worker] c.e.demo.RecruitServiceApplicationTests  : Started RecruitServiceApplicationTests in 5.112 seconds (process running for 6.424)
]]></system-out>
  <system-err><![CDATA[]]></system-err>
</testsuite>
